<?xml version="1.0" encoding="UTF-8"?>
<!-- Generated by org.testng.reporters.JUnitXMLReporter -->
<testsuite ignored="3" hostname="vino" failures="0" tests="0" time="0.021" errors="0" timestamp="2023-09-03T10:41:32 IST">
  <testcase classname="testng.GroupTest01" name="sampleAlert" time="0.0">
    <ignored/>
  </testcase> <!-- sampleAlert -->
  <testcase classname="testng.GroupTest01" name="loginWithInValidValues" time="0.0">
    <ignored/>
  </testcase> <!-- loginWithInValidValues -->
  <testcase classname="testng.GroupTest01" name="clickForgotPassword" time="0.0">
    <ignored/>
  </testcase> <!-- clickForgotPassword -->
</testsuite>
