<?xml version="1.0" encoding="UTF-8"?>
<!-- Generated by org.testng.reporters.JUnitXMLReporter -->
<testsuite ignored="1" hostname="vino" failures="0" tests="2" name="Default test" time="25.676" errors="0" timestamp="2023-09-02T12:01:40 IST">
  <testcase classname="testng.SkipTestMethods" name="loginWithInValidValues" time="11.245"/>
  <testcase classname="testng.SkipTestMethods" name="sampleAlert" time="11.643"/>
  <testcase classname="testng.SkipTestMethods" name="clickForgotPassword" time="0.0">
    <ignored/>
  </testcase> <!-- clickForgotPassword -->
</testsuite> <!-- Default test -->
