<?xml version="1.0" encoding="UTF-8"?>
<!-- Generated by org.testng.reporters.JUnitXMLReporter -->
<testsuite ignored="1" hostname="vino" failures="0" tests="2" name="Test" time="25.593" errors="0" timestamp="2023-09-02T12:07:40 IST">
  <testcase classname="testng.SkipMethodTwo" name="clickForgotPassword" time="11.828"/>
  <testcase classname="testng.SkipMethodTwo" name="loginWithInValidValues" time="11.056"/>
  <testcase classname="testng.SkipMethodTwo" name="sampleAlert" time="0.0">
    <ignored/>
  </testcase> <!-- sampleAlert -->
</testsuite> <!-- Test -->
