<?xml version="1.0" encoding="UTF-8"?>
<testng-results ignored="0" total="2" passed="2" failed="0" skipped="0">
  <reporter-output>
  </reporter-output>
  <suite started-at="2023-09-02T12:07:15 IST" name="Suite" finished-at="2023-09-02T12:07:40 IST" duration-ms="25593">
    <groups>
    </groups>
    <test started-at="2023-09-02T12:07:15 IST" name="Test" finished-at="2023-09-02T12:07:40 IST" duration-ms="25593">
      <class name="testng.SkipMethodTwo">
        <test-method is-config="true" signature="lauchChromeBrowser()[pri:0, instance:testng.SkipMethodTwo@409bf450]" started-at="2023-09-02T12:07:15 IST" name="lauchChromeBrowser" finished-at="2023-09-02T12:07:16 IST" duration-ms="1741" status="PASS">
          <reporter-output>
          </reporter-output>
        </test-method> <!-- lauchChromeBrowser -->
        <test-method signature="clickForgotPassword()[pri:0, instance:testng.SkipMethodTwo@409bf450]" started-at="2023-09-02T12:07:16 IST" name="clickForgotPassword" finished-at="2023-09-02T12:07:28 IST" duration-ms="11828" status="PASS">
          <reporter-output>
          </reporter-output>
        </test-method> <!-- clickForgotPassword -->
        <test-method is-config="true" signature="closeBrowser()[pri:0, instance:testng.SkipMethodTwo@409bf450]" started-at="2023-09-02T12:07:28 IST" name="closeBrowser" finished-at="2023-09-02T12:07:28 IST" duration-ms="110" status="PASS">
          <reporter-output>
          </reporter-output>
        </test-method> <!-- closeBrowser -->
        <test-method is-config="true" signature="lauchChromeBrowser()[pri:0, instance:testng.SkipMethodTwo@409bf450]" started-at="2023-09-02T12:07:28 IST" name="lauchChromeBrowser" finished-at="2023-09-02T12:07:29 IST" duration-ms="688" status="PASS">
          <reporter-output>
          </reporter-output>
        </test-method> <!-- lauchChromeBrowser -->
        <test-method signature="loginWithInValidValues()[pri:0, instance:testng.SkipMethodTwo@409bf450]" started-at="2023-09-02T12:07:29 IST" name="loginWithInValidValues" finished-at="2023-09-02T12:07:40 IST" duration-ms="11056" status="PASS">
          <reporter-output>
          </reporter-output>
        </test-method> <!-- loginWithInValidValues -->
        <test-method is-config="true" signature="closeBrowser()[pri:0, instance:testng.SkipMethodTwo@409bf450]" started-at="2023-09-02T12:07:40 IST" name="closeBrowser" finished-at="2023-09-02T12:07:40 IST" duration-ms="105" status="PASS">
          <reporter-output>
          </reporter-output>
        </test-method> <!-- closeBrowser -->
      </class> <!-- testng.SkipMethodTwo -->
    </test> <!-- Test -->
  </suite> <!-- Suite -->
</testng-results>
