<?xml version="1.0" encoding="UTF-8"?>
<!-- Generated by org.testng.reporters.JUnitXMLReporter -->
<testsuite ignored="0" hostname="vino" failures="0" tests="14" name="TestNgTestPractice" time="156.29" errors="0" timestamp="2023-09-02T11:39:07 IST">
  <testcase classname="testng.DependencyTest" name="lauchChromeBrowser" time="2.259"/>
  <testcase classname="testng.DependencyTest" name="loginWithInValidValues" time="13.984"/>
  <testcase classname="testng.TestngAnnotations" name="test01" time="0.006"/>
  <testcase classname="testng.TestngAnnotations" name="test02" time="0.004"/>
  <testcase classname="testng.InvocationCount" name="clickForgotPassword" time="12.427"/>
  <testcase classname="testng.InvocationCount" name="clickForgotPassword" time="12.218"/>
  <testcase classname="testng.InvocationCount" name="clickForgotPassword" time="12.243"/>
  <testcase classname="testng.InvocationCount" name="clickForgotPassword" time="15.622"/>
  <testcase classname="testng.InvocationCount" name="clickForgotPassword" time="14.729"/>
  <testcase classname="testng.FirstTestNgProgram" name="clickForgotPassword" time="12.183"/>
  <testcase classname="testng.FirstTestNgProgram" name="loginWithInValidValues" time="11.756"/>
  <testcase classname="testng.FirstTestNgProgram" name="sampleAlert" time="13.489"/>
  <testcase classname="testng.PriorityTest" name="clickForgotPassword" time="12.098"/>
  <testcase classname="testng.PriorityTest" name="loginWithInValidValues" time="11.308"/>
</testsuite> <!-- TestNgTestPractice -->
